<?xml version="1.0" encoding="UTF-8"?>
<testng-results ignored="0" total="1" passed="0" failed="1" skipped="0">
  <reporter-output>
  </reporter-output>
  <suite started-at="2024-03-18T09:45:13 IST" name="Default suite" finished-at="2024-03-18T09:45:14 IST" duration-ms="267">
    <groups>
    </groups>
    <test started-at="2024-03-18T09:45:13 IST" name="Default test" finished-at="2024-03-18T09:45:14 IST" duration-ms="267">
      <class name="Practice.ToCreateContactTest">
        <test-method signature="toCreateContact()[pri:0, instance:Practice.ToCreateContactTest@67a20f67]" started-at="2024-03-18T09:45:13 IST" name="toCreateContact" finished-at="2024-03-18T09:45:14 IST" duration-ms="118" status="FAIL">
          <exception class="org.openqa.selenium.InvalidSelectorException">
            <message>
              <![CDATA[Compound class names not permitted
For documentation on this error, please visit: https://www.selenium.dev/documentation/webdriver/troubleshooting/errors#invalid-selector-exception
Build info: version: '4.12.1', revision: '8e34639b11'
System info: os.name: 'Windows 10', os.arch: 'amd64', os.version: '10.0', java.version: '17.0.9'
Driver info: driver.version: unknown]]>
            </message>
            <full-stacktrace>
              <![CDATA[org.openqa.selenium.InvalidSelectorException: Compound class names not permitted
For documentation on this error, please visit: https://www.selenium.dev/documentation/webdriver/troubleshooting/errors#invalid-selector-exception
Build info: version: '4.12.1', revision: '8e34639b11'
System info: os.name: 'Windows 10', os.arch: 'amd64', os.version: '10.0', java.version: '17.0.9'
Driver info: driver.version: unknown
at org.openqa.selenium.By$ByClassName.<init>(By.java:309)
at org.openqa.selenium.By.className(By.java:100)
at org.openqa.selenium.support.AbstractFindByBuilder.buildByFromShortFindBy(AbstractFindByBuilder.java:42)
at org.openqa.selenium.support.FindBy$FindByBuilder.buildIt(FindBy.java:83)
at org.openqa.selenium.support.pagefactory.Annotations.buildBy(Annotations.java:82)
at org.openqa.selenium.support.pagefactory.DefaultElementLocator.<init>(DefaultElementLocator.java:58)
at org.openqa.selenium.support.pagefactory.DefaultElementLocator.<init>(DefaultElementLocator.java:46)
at org.openqa.selenium.support.pagefactory.DefaultElementLocatorFactory.createLocator(DefaultElementLocatorFactory.java:32)
at org.openqa.selenium.support.pagefactory.DefaultFieldDecorator.decorate(DefaultFieldDecorator.java:55)
at org.openqa.selenium.support.PageFactory.proxyFields(PageFactory.java:109)
at org.openqa.selenium.support.PageFactory.initElements(PageFactory.java:101)
at org.openqa.selenium.support.PageFactory.initElements(PageFactory.java:88)
at org.openqa.selenium.support.PageFactory.initElements(PageFactory.java:76)
at Vtiger.ObjectRepository.Home_Page.<init>(Home_Page.java:11)
at Practice.ToCreateContactTest.toCreateContact(ToCreateContactTest.java:20)
at java.base/jdk.internal.reflect.NativeMethodAccessorImpl.invoke0(Native Method)
at java.base/jdk.internal.reflect.NativeMethodAccessorImpl.invoke(NativeMethodAccessorImpl.java:77)
at java.base/jdk.internal.reflect.DelegatingMethodAccessorImpl.invoke(DelegatingMethodAccessorImpl.java:43)
at java.base/java.lang.reflect.Method.invoke(Method.java:568)
at org.testng.internal.MethodInvocationHelper.invokeMethod(MethodInvocationHelper.java:132)
at org.testng.internal.TestInvoker.invokeMethod(TestInvoker.java:599)
at org.testng.internal.TestInvoker.invokeTestMethod(TestInvoker.java:174)
at org.testng.internal.MethodRunner.runInSequence(MethodRunner.java:46)
at org.testng.internal.TestInvoker$MethodInvocationAgent.invoke(TestInvoker.java:822)
at org.testng.internal.TestInvoker.invokeTestMethods(TestInvoker.java:147)
at org.testng.internal.TestMethodWorker.invokeTestMethods(TestMethodWorker.java:146)
at org.testng.internal.TestMethodWorker.run(TestMethodWorker.java:128)
at java.base/java.util.ArrayList.forEach(ArrayList.java:1511)
at org.testng.TestRunner.privateRun(TestRunner.java:764)
at org.testng.TestRunner.run(TestRunner.java:585)
at org.testng.SuiteRunner.runTest(SuiteRunner.java:384)
at org.testng.SuiteRunner.runSequentially(SuiteRunner.java:378)
at org.testng.SuiteRunner.privateRun(SuiteRunner.java:337)
at org.testng.SuiteRunner.run(SuiteRunner.java:286)
at org.testng.SuiteRunnerWorker.runSuite(SuiteRunnerWorker.java:53)
at org.testng.SuiteRunnerWorker.run(SuiteRunnerWorker.java:96)
at org.testng.TestNG.runSuitesSequentially(TestNG.java:1218)
at org.testng.TestNG.runSuitesLocally(TestNG.java:1140)
at org.testng.TestNG.runSuites(TestNG.java:1069)
at org.testng.TestNG.run(TestNG.java:1037)
at org.testng.remote.AbstractRemoteTestNG.run(AbstractRemoteTestNG.java:115)
at org.testng.remote.RemoteTestNG.initAndRun(RemoteTestNG.java:251)
at org.testng.remote.RemoteTestNG.main(RemoteTestNG.java:77)
]]>
            </full-stacktrace>
          </exception> <!-- org.openqa.selenium.InvalidSelectorException -->
          <reporter-output>
          </reporter-output>
        </test-method> <!-- toCreateContact -->
      </class> <!-- Practice.ToCreateContactTest -->
    </test> <!-- Default test -->
  </suite> <!-- Default suite -->
</testng-results>
